
TENET
Interstellar
The Prestige
Rick and Morty
Everything Everywhere All At Once
Edge of Tomorrow
Twister
流浪地球
The Imitation Game


My Little Pony
Inside Out
青春派
Tomorrowland
君の名は。
Big Fish
Little Boy
Soul
Whiplash
我是路人甲
Hazbin Hotel
Les Choristes
Before I Fall
Kung Fu Panda
風立ちぬ
Coco
龙门镖局
Paper Towns
La La Land
Yesterday
The Big Bang Theory
The Space Between Us


法红黑RFM直播: Côme - Il aurait suffi
Rêve d'infini
tombera du lit,
en n'aimant que soi.

大悲10周年: Lea姨 - On My Own
He's gone.
The river's just a river.

东宝一粒沙: 涼風真世 - 皇后の務め
皇后の務めは自分を殺して。
全てを、王家に捧げること。

ミュージカル「COLOR」: 成河 - 僕の万華鏡
僕の万華鏡、欠片は花になれなくて。
回しても、回 しても。
回しても、回 しても。

告白-初版demo: 郑滕飞 - 梧桐树
喔呜喔哦喔呜噢-哦~ 梧桐树~   脚下的行人你可在乎
喔呜喔吼喔哦~ 梧桐树~   剪碎的阳光是你的礼物

Dear Evan Hansen: Sam Primack - Waving Through a Window
On the outside, always looking in,
Will I
Ever be more than I've always been?

Come From Away: (2017) Finale
There and here…      I'm an Islander, I'm an Islander.
There and here…      I'm an Islander, I'm an Islander.

Hamilton: Leslie - Wait For It
Wait for it, wait for it, wait for it, Wait For It--
I am inimitable; I am an original!

Hazbin Hotel: Alex Brightman - Live To Live
Live, To, Fail a million times
Until you finally yell-- “Eureka!”
























逝歌:
0. 
1. Carry On - 4everfreebrony
2. 春天里 - 汪峰
3. Space Oddity - ARForest
4. 明天 - 烟火gala
5. Ricochet - Starset
6. Ton étoile - Frederick
7. 前前前世 - そらる、まふまふ
8. Breakaway - Kelly Clarkson



















2003.春:出生
2006.夏:银城
2011.冬-:辨别
2014.秋:冲外
2017.冬-:记忆
2019.夏:新生
2021.春:群象
2023.秋:繁芒
2025.春:浅梦
2026.冬-:鲸起

